2023-02-21 16:09:50,298 DEBUG    root            Loaded Command Group: ['gcloud', 'storage']
2023-02-21 16:09:50,787 DEBUG    root            Loaded Command Group: ['gcloud', 'storage', 'ls']
2023-02-21 16:09:50,790 DEBUG    root            Running [gcloud.storage.ls] with arguments: [-R: "True", PATH:1: "['gs://neptune-ingest']"]
2023-02-21 16:09:50,842 DEBUG    google.auth.transport.requests Making request: POST https://oauth2.googleapis.com/token
2023-02-21 16:09:50,891 DEBUG    urllib3.connectionpool Starting new HTTPS connection (1): oauth2.googleapis.com:443
2023-02-21 16:09:50,988 DEBUG    urllib3.connectionpool https://oauth2.googleapis.com:443 "POST /token HTTP/1.1" 200 None
2023-02-21 16:09:51,039 DEBUG    google.auth.transport.requests Making request: POST https://oauth2.googleapis.com/token
2023-02-21 16:09:51,104 DEBUG    urllib3.connectionpool https://oauth2.googleapis.com:443 "POST /token HTTP/1.1" 200 None
2023-02-21 16:09:51,166 DEBUG    urllib3.connectionpool Starting new HTTPS connection (1): storage.googleapis.com:443
2023-02-21 16:09:51,310 DEBUG    urllib3.connectionpool https://storage.googleapis.com:443 "GET /storage/v1/b/neptune-ingest/o?alt=json&fields=prefixes%2Citems%2Fname%2Citems%2Fsize%2Citems%2Fgeneration%2CnextPageToken&delimiter=%2F&maxResults=1000&projection=noAcl&versions=False HTTP/1.1" 200 48
2023-02-21 16:09:51,321 DEBUG    urllib3.connectionpool Starting new HTTPS connection (1): storage.googleapis.com:443
2023-02-21 16:09:51,457 DEBUG    urllib3.connectionpool https://storage.googleapis.com:443 "GET /storage/v1/b/neptune-ingest/o?alt=json&fields=prefixes%2Citems%2Fname%2Citems%2Fsize%2Citems%2Fgeneration%2CnextPageToken&delimiter=%2F&maxResults=1000&prefix=dev%2F&projection=noAcl&versions=False HTTP/1.1" 200 113
2023-02-21 16:09:51,463 DEBUG    urllib3.connectionpool Starting new HTTPS connection (1): storage.googleapis.com:443
2023-02-21 16:09:51,601 DEBUG    urllib3.connectionpool https://storage.googleapis.com:443 "GET /storage/v1/b/neptune-ingest/o?alt=json&fields=prefixes%2Citems%2Fname%2Citems%2Fsize%2Citems%2Fgeneration%2CnextPageToken&delimiter=%2F&maxResults=1000&prefix=prod%2F&projection=noAcl&versions=False HTTP/1.1" 200 176
2023-02-21 16:09:51,613 DEBUG    urllib3.connectionpool Starting new HTTPS connection (1): storage.googleapis.com:443
2023-02-21 16:09:51,755 DEBUG    urllib3.connectionpool https://storage.googleapis.com:443 "GET /storage/v1/b/neptune-ingest/o?alt=json&fields=prefixes%2Citems%2Fname%2Citems%2Fsize%2Citems%2Fgeneration%2CnextPageToken&delimiter=%2F&maxResults=1000&prefix=prod%2Fpolicies%2F&projection=noAcl&versions=False HTTP/1.1" 200 123
2023-02-21 16:09:51,767 DEBUG    urllib3.connectionpool Starting new HTTPS connection (1): storage.googleapis.com:443
2023-02-21 16:09:51,898 DEBUG    urllib3.connectionpool https://storage.googleapis.com:443 "GET /storage/v1/b/neptune-ingest/o?alt=json&fields=prefixes%2Citems%2Fname%2Citems%2Fsize%2Citems%2Fgeneration%2CnextPageToken&delimiter=%2F&maxResults=1000&prefix=prod%2Fquotes%2F&projection=noAcl&versions=False HTTP/1.1" 200 121
2023-02-21 16:09:51,903 DEBUG    root            Chosen display Format:default
2023-02-21 16:09:51,904 INFO     root            Display format: "default"
2023-02-21 16:09:51,915 DEBUG    root            Metrics reporting process started...
