2023-02-21 16:05:02,263 DEBUG    root            Loaded Command Group: ['gcloud', 'init']
2023-02-21 16:05:02,264 DEBUG    root            Running [gcloud.init] with arguments: []
2023-02-21 16:05:02,264 INFO     ___FILE_ONLY___ Welcome! This command will take you through the configuration of gcloud.


2023-02-21 16:05:02,265 INFO     ___FILE_ONLY___ Your current configuration has been set to: [default]


2023-02-21 16:05:02,265 INFO     ___FILE_ONLY___ You can skip diagnostics next time by using the following flag:

2023-02-21 16:05:02,265 INFO     ___FILE_ONLY___   gcloud init --skip-diagnostics


2023-02-21 16:05:02,265 INFO     ___FILE_ONLY___ Network diagnostic detects and fixes local network connection issues.

2023-02-21 16:05:02,265 INFO     ___FILE_ONLY___ Checking network connection...
2023-02-21 16:05:08,959 DEBUG    urllib3.connectionpool Starting new HTTPS connection (1): accounts.google.com:443
2023-02-21 16:05:09,087 DEBUG    urllib3.connectionpool https://accounts.google.com:443 "GET / HTTP/1.1" 302 338
2023-02-21 16:05:09,155 DEBUG    urllib3.connectionpool https://accounts.google.com:443 "GET /ServiceLogin?passive=1209600&continue=https%3A%2F%2Faccounts.google.com%2F&followup=https%3A%2F%2Faccounts.google.com%2F HTTP/1.1" 302 525
2023-02-21 16:05:09,239 DEBUG    urllib3.connectionpool https://accounts.google.com:443 "GET /v3/signin/identifier?dsh=S2030650767%3A1677013509138332&continue=https%3A%2F%2Faccounts.google.com%2F&followup=https%3A%2F%2Faccounts.google.com%2F&passive=1209600&flowName=WebLiteSignIn&flowEntry=ServiceLogin&ifkv=AWnogHfV05I0OQ_Ka87-T_RCNo5i1zntW40rFQ85wmfAST6CvFzTXNQE59azOd3Q0exrmroafoiG HTTP/1.1" 200 None
2023-02-21 16:05:09,274 DEBUG    urllib3.connectionpool Starting new HTTPS connection (1): cloudresourcemanager.googleapis.com:443
2023-02-21 16:05:09,390 DEBUG    urllib3.connectionpool https://cloudresourcemanager.googleapis.com:443 "GET /v1beta1/projects HTTP/1.1" 401 None
2023-02-21 16:05:09,395 DEBUG    urllib3.connectionpool Starting new HTTPS connection (1): www.googleapis.com:443
2023-02-21 16:05:09,494 DEBUG    urllib3.connectionpool https://www.googleapis.com:443 "GET /auth/cloud-platform HTTP/1.1" 200 14
2023-02-21 16:05:09,499 DEBUG    urllib3.connectionpool Starting new HTTPS connection (1): dl.google.com:443
2023-02-21 16:05:09,604 DEBUG    urllib3.connectionpool https://dl.google.com:443 "GET /dl/cloudsdk/channels/rapid/components-2.json HTTP/1.1" 200 206156
2023-02-21 16:05:09,807 INFO     ___FILE_ONLY___ Reachability Check passed.

2023-02-21 16:05:09,809 INFO     ___FILE_ONLY___ Network diagnostic passed (1/1 checks passed).


2023-02-21 16:05:23,897 DEBUG    root            Loaded Command Group: ['gcloud', 'auth']
2023-02-21 16:05:23,914 DEBUG    root            Loaded Command Group: ['gcloud', 'auth', 'login']
2023-02-21 16:05:23,915 INFO     root            Executing: [gcloud auth login --force --brief]
2023-02-21 16:05:23,917 DEBUG    root            Running [gcloud.auth.login] with arguments: [--brief: "True", --force: "True"]
2023-02-21 16:05:23,920 DEBUG    requests_oauthlib.oauth2_session Generated new state qIIhAkhNURNmF2UaRbMEFjpBcCdGhm.
2023-02-21 16:05:24,154 INFO     ___FILE_ONLY___ Your browser has been opened to visit:

    https://accounts.google.com/o/oauth2/auth?response_type=code&client_id=32555940559.apps.googleusercontent.com&redirect_uri=http%3A%2F%2Flocalhost%3A8085%2F&scope=openid+https%3A%2F%2Fwww.googleapis.com%2Fauth%2Fuserinfo.email+https%3A%2F%2Fwww.googleapis.com%2Fauth%2Fcloud-platform+https%3A%2F%2Fwww.googleapis.com%2Fauth%2Fappengine.admin+https%3A%2F%2Fwww.googleapis.com%2Fauth%2Fsqlservice.login+https%3A%2F%2Fwww.googleapis.com%2Fauth%2Fcompute+https%3A%2F%2Fwww.googleapis.com%2Fauth%2Faccounts.reauth&state=qIIhAkhNURNmF2UaRbMEFjpBcCdGhm&access_type=offline&code_challenge=T6oXDyB6A-K5noBmfNV5Dn4jNewVBFNZoA4bcCnKl8A&code_challenge_method=S256


2023-02-21 16:05:36,860 INFO     ___FILE_ONLY___ 

Command killed by keyboard interrupt


